<?xml version="1.0" encoding="UTF-8"?>
<testng-results ignored="2" total="5" passed="3" failed="0" skipped="0">
  <reporter-output>
    <line>
      <![CDATA[Electronics Product Created]]>
    </line>
    <line>
      <![CDATA[Kids Product Created]]>
    </line>
  </reporter-output>
  <suite started-at="2024-11-06T17:00:57 IST" name="RegressionSuite" finished-at="2024-11-06T17:01:03 IST" duration-ms="6190">
    <groups>
    </groups>
    <test started-at="2024-11-06T17:00:57 IST" name="ChromeTest" finished-at="2024-11-06T17:01:03 IST" duration-ms="6190">
      <class name="Demo.DemoTest">
        <test-method signature="verify()[pri:0, instance:Demo.DemoTest@795cd85e]" started-at="2024-11-06T17:00:57 IST" name="verify" finished-at="2024-11-06T17:01:03 IST" duration-ms="6147" status="PASS">
          <reporter-output>
          </reporter-output>
        </test-method> <!-- verify -->
      </class> <!-- Demo.DemoTest -->
      <class name="com.Ecommerce.InstaSnap.ProductTest.VerifyKidsProduct">
        <test-method signature="createProduct()[pri:1, instance:com.Ecommerce.InstaSnap.ProductTest.VerifyKidsProduct@402bba4f]" started-at="2024-11-06T17:00:57 IST" name="createProduct" finished-at="2024-11-06T17:00:57 IST" duration-ms="2" status="PASS">
          <reporter-output>
            <line>
              <![CDATA[Kids Product Created]]>
            </line>
          </reporter-output>
        </test-method> <!-- createProduct -->
      </class> <!-- com.Ecommerce.InstaSnap.ProductTest.VerifyKidsProduct -->
      <class name="com.Ecommerce.InstaSnap.ProductTest.VerifyElectronicProduct">
        <test-method signature="createProduct()[pri:1, instance:com.Ecommerce.InstaSnap.ProductTest.VerifyElectronicProduct@5119fb47]" started-at="2024-11-06T17:00:57 IST" name="createProduct" finished-at="2024-11-06T17:00:57 IST" duration-ms="12" status="PASS">
          <reporter-output>
            <line>
              <![CDATA[Electronics Product Created]]>
            </line>
          </reporter-output>
        </test-method> <!-- createProduct -->
      </class> <!-- com.Ecommerce.InstaSnap.ProductTest.VerifyElectronicProduct -->
    </test> <!-- ChromeTest -->
  </suite> <!-- RegressionSuite -->
</testng-results>
